[10581:10581:1018/085533.496167:WARNING:sandbox_linux.cc(376)] InitializeSandbox() called with multiple threads in process gpu-process.
[10540:10540:1018/085533.728146:WARNING:bluez_dbus_manager.cc(247)] Floss manager not present, cannot set Floss enable/disable.
[10540:10540:1018/085538.913985:INFO:CONSOLE(0)] "[DOM] Input elements should have autocomplete attributes (suggested: "current-password"): (More info: https://goo.gl/9p2vKq) %o", source: https://www.facebook.com/ (0)
[10540:10540:1018/085539.113178:INFO:CONSOLE(0)] "
%cStop! font-family:helvetica; font-size:20px; font-size:50px; font-weight:bold; color:red; -webkit-text-stroke:1px black;", source:  (0)
[10540:10540:1018/085539.123513:INFO:CONSOLE(0)] "
%cThis is a browser feature intended for developers. If someone told you to copy and paste something here to enable a Facebook feature or "hack" someone's account, it is a scam and will give them access to your Facebook account. font-family:helvetica; font-size:20px; ", source:  (0)
[10540:10540:1018/085539.123720:INFO:CONSOLE(0)] "
%cSee https://www.facebook.com/selfxss for more information. font-family:helvetica; font-size:20px; ", source:  (0)
[10540:10540:1018/085539.124013:INFO:CONSOLE(0)] "
%c ", source:  (0)
[10540:10540:1018/085540.150836:INFO:CONSOLE(57)] "ErrorUtils caught an error:

CSR upgrades included unknown rsrcIndex 560 (client rev: 1006405651, cohort: HYP:comet_pkg).

Subsequent non-fatal errors won't be logged; see https://fburl.com/debugjs.", source: https://static.xx.fbcdn.net/rsrc.php/v3/yE/r/h1X9GefXroz.js?_nc_x=_MN8pvpqAF5 (57)
[10540:10540:1018/085541.392845:INFO:CONSOLE(228)] "
%cStop! font-family:helvetica; font-size:20px; font-size:50px; font-weight:bold; color:red; -webkit-text-stroke:1px black;", source: https://static.xx.fbcdn.net/rsrc.php/v3/yE/r/h1X9GefXroz.js?_nc_x=_MN8pvpqAF5 (228)
[10540:10540:1018/085541.394350:INFO:CONSOLE(228)] "
%cThis is a browser feature intended for developers. If someone told you to copy-paste something here to enable a Facebook feature or "hack" someone's account, it is a scam and will give them access to your Facebook account. font-family:helvetica; font-size:20px; ", source: https://static.xx.fbcdn.net/rsrc.php/v3/yE/r/h1X9GefXroz.js?_nc_x=_MN8pvpqAF5 (228)
[10540:10540:1018/085541.395973:INFO:CONSOLE(228)] "
%cSee https://www.facebook.com/selfxss for more information. font-family:helvetica; font-size:20px; ", source: https://static.xx.fbcdn.net/rsrc.php/v3/yE/r/h1X9GefXroz.js?_nc_x=_MN8pvpqAF5 (228)
[10540:10540:1018/085541.396180:INFO:CONSOLE(228)] "
%c ", source: https://static.xx.fbcdn.net/rsrc.php/v3/yE/r/h1X9GefXroz.js?_nc_x=_MN8pvpqAF5 (228)
[10540:10540:1018/085543.205738:INFO:CONSOLE(57)] "ErrorUtils caught an error:

CSR upgrades included unknown rsrcIndex 519 (client rev: 1006405651, cohort: HYP:comet_plat_default_pkg).

Subsequent non-fatal errors won't be logged; see https://fburl.com/debugjs.", source: https://static.xx.fbcdn.net/rsrc.php/v3/yE/r/h1X9GefXroz.js?_nc_x=_MN8pvpqAF5 (57)
[10540:10540:1018/085543.519247:INFO:CONSOLE(623)] "Uncaught Error: Minified React error #418; visit https://reactjs.org/docs/error-decoder.html?invariant=418 for the full message or use the non-minified dev environment for full errors and additional helpful warnings.", source: https://static.xx.fbcdn.net/rsrc.php/v3ioaL4/yw/l/makehaste_jhash/sj1KnEFKMi8f45kIEpywgjteIZI-yYlHZJN1dDZ3NejtW4bZ3Uh44wbvrT7vGiNPGad-a4C7-EfycJPV6OWtPQJ5D7To_UgGkbANGboyukCutSYec8wmLnYZgsbTowArAZ3A80kvzMEUMyCFefMVw9E8kWKUwaO2-DQn65Fx0CfXNQ-zLtQnbyFzguEIkf69FT9_J4.js?_nc_x=_MN8pvpqAF5 (623)
[10540:10540:1018/085544.098145:INFO:CONSOLE(623)] "Uncaught Error: Minified React error #423; visit https://reactjs.org/docs/error-decoder.html?invariant=423 for the full message or use the non-minified dev environment for full errors and additional helpful warnings.", source: https://static.xx.fbcdn.net/rsrc.php/v3ioaL4/yw/l/makehaste_jhash/sj1KnEFKMi8f45kIEpywgjteIZI-yYlHZJN1dDZ3NejtW4bZ3Uh44wbvrT7vGiNPGad-a4C7-EfycJPV6OWtPQJ5D7To_UgGkbANGboyukCutSYec8wmLnYZgsbTowArAZ3A80kvzMEUMyCFefMVw9E8kWKUwaO2-DQn65Fx0CfXNQ-zLtQnbyFzguEIkf69FT9_J4.js?_nc_x=_MN8pvpqAF5 (623)
[10540:10540:1018/085544.180364:INFO:CONSOLE(228)] "
%cStop! font-family:helvetica; font-size:20px; font-size:50px; font-weight:bold; color:red; -webkit-text-stroke:1px black;", source: https://static.xx.fbcdn.net/rsrc.php/v3/yE/r/h1X9GefXroz.js?_nc_x=_MN8pvpqAF5 (228)
[10540:10540:1018/085544.180469:INFO:CONSOLE(228)] "
%cThis is a browser feature intended for developers. If someone told you to copy-paste something here to enable a Facebook feature or "hack" someone's account, it is a scam and will give them access to your Facebook account. font-family:helvetica; font-size:20px; ", source: https://static.xx.fbcdn.net/rsrc.php/v3/yE/r/h1X9GefXroz.js?_nc_x=_MN8pvpqAF5 (228)
[10540:10540:1018/085544.180580:INFO:CONSOLE(228)] "
%cSee https://www.facebook.com/selfxss for more information. font-family:helvetica; font-size:20px; ", source: https://static.xx.fbcdn.net/rsrc.php/v3/yE/r/h1X9GefXroz.js?_nc_x=_MN8pvpqAF5 (228)
[10540:10540:1018/085544.180806:INFO:CONSOLE(228)] "
%c ", source: https://static.xx.fbcdn.net/rsrc.php/v3/yE/r/h1X9GefXroz.js?_nc_x=_MN8pvpqAF5 (228)
[10540:10540:1018/085545.243068:INFO:CONSOLE(1)] "[Report Only] Refused to frame 'https://www.google.com.vn/' because it violates the following Content Security Policy directive: "frame-src *.doubleclick.net *.google.com *.facebook.com www.googleadservices.com *.fbsbx.com fbsbx.com data: www.instagram.com *.fbcdn.net https://paywithmybank.com".
", source: https://www.facebook.com/common/referer_frame.php (1)
[10540:10540:1018/085545.245538:INFO:CONSOLE(1)] "Refused to frame 'https://www.google.com.vn/' because it violates the following Content Security Policy directive: "frame-src *.doubleclick.net *.google.com *.facebook.com www.googleadservices.com *.fbsbx.com fbsbx.com data: www.instagram.com *.fbcdn.net https://paywithmybank.com".
", source: https://www.facebook.com/common/referer_frame.php (1)
[10540:10540:1018/085545.302530:INFO:CONSOLE(6777)] "crbug/1173575, non-JS module files deprecated.", source: chrome-error://chromewebdata/ (6777)
[10540:10540:1018/085545.319409:INFO:CONSOLE(1)] "[Report Only] Refused to frame 'https://www.google.com.vn/' because it violates the following Content Security Policy directive: "frame-src *.doubleclick.net *.google.com *.facebook.com www.googleadservices.com *.fbsbx.com fbsbx.com data: www.instagram.com *.fbcdn.net https://paywithmybank.com".
", source: https://www.facebook.com/common/referer_frame.php (1)
[10540:10540:1018/085545.320625:INFO:CONSOLE(1)] "Refused to frame 'https://www.google.com.vn/' because it violates the following Content Security Policy directive: "frame-src *.doubleclick.net *.google.com *.facebook.com www.googleadservices.com *.fbsbx.com fbsbx.com data: www.instagram.com *.fbcdn.net https://paywithmybank.com".
", source: https://www.facebook.com/common/referer_frame.php (1)
[10540:10540:1018/085545.348898:INFO:CONSOLE(6777)] "crbug/1173575, non-JS module files deprecated.", source: chrome-error://chromewebdata/ (6777)
[10540:10540:1018/085600.676220:WARNING:controller_impl.cc(1190)] Background download complete, client: 6, completion type: 0, file size:265060
[10540:10540:1018/085601.663646:WARNING:controller_impl.cc(1190)] Background download complete, client: 6, completion type: 0, file size:4953
[10540:10540:1018/085635.556125:INFO:CONSOLE(0)] "[Report Only] Refused to load the image 'https://www.google.com.vn/pagead/1p-user-list/995153884/?value=1.00&currency_code=USD&label=Wu-ZCMSIzlwQ3K_D2gM&guid=ON&script=0&is_vtc=1&random=870400930&ipr=y' because it violates the following Content Security Policy directive: "img-src *.fbcdn.net *.facebook.com data: https://*.fbsbx.com *.tenor.co media.tenor.com facebook.com *.cdninstagram.com fbsbx.com fbcdn.net *.giphy.com connect.facebook.net *.carriersignal.info blob: android-webview-video-poster: googleads.g.doubleclick.net www.googleadservices.com *.whatsapp.net *.fb.com *.oculuscdn.com www.google.com".
", source: https://mbasic.facebook.com/sem_mpixel/?pixels%5B1%5D%5B0%5D=control&eav=AfbKwer_PAXNR3LItP3klrdUzCMSf4ms2rhHSWt9Mr8ZyyQ-U3mK9OBk8Fm-5gprbwQ&paipv=0&ext=1666317394&hash=AeRJIJ3x-Ca24kMaEto (0)
[10540:10540:1018/085635.557586:INFO:CONSOLE(0)] "Refused to load the image 'https://www.google.com.vn/pagead/1p-user-list/995153884/?value=1.00&currency_code=USD&label=Wu-ZCMSIzlwQ3K_D2gM&guid=ON&script=0&is_vtc=1&random=870400930&ipr=y' because it violates the following Content Security Policy directive: "img-src *.fbcdn.net *.facebook.com data: https://*.fbsbx.com *.tenor.co media.tenor.com facebook.com *.cdninstagram.com fbsbx.com fbcdn.net *.giphy.com connect.facebook.net *.carriersignal.info blob: android-webview-video-poster: googleads.g.doubleclick.net www.googleadservices.com *.whatsapp.net *.fb.com *.oculuscdn.com www.google.com".
", source: https://mbasic.facebook.com/sem_mpixel/?pixels%5B1%5D%5B0%5D=control&eav=AfbKwer_PAXNR3LItP3klrdUzCMSf4ms2rhHSWt9Mr8ZyyQ-U3mK9OBk8Fm-5gprbwQ&paipv=0&ext=1666317394&hash=AeRJIJ3x-Ca24kMaEto (0)
[10540:10540:1018/085635.560089:INFO:CONSOLE(0)] "[Report Only] Refused to load the image 'https://www.google.com.vn/pagead/1p-user-list/1032622309/?value=1.00&currency_code=USD&label=qRpeCLOw56cBEOWhsuwD&guid=ON&script=0&is_vtc=1&random=983027473&ipr=y' because it violates the following Content Security Policy directive: "img-src *.fbcdn.net *.facebook.com data: https://*.fbsbx.com *.tenor.co media.tenor.com facebook.com *.cdninstagram.com fbsbx.com fbcdn.net *.giphy.com connect.facebook.net *.carriersignal.info blob: android-webview-video-poster: googleads.g.doubleclick.net www.googleadservices.com *.whatsapp.net *.fb.com *.oculuscdn.com www.google.com".
", source: https://mbasic.facebook.com/sem_mpixel/?pixels%5B14%5D%5B0%5D=aishvar_PH_2_of_3&eav=AfZTC-qWvR_O2ImAANUGcvOrqB9lqGqu2SaJPmu94TS80zTUcVR3vZKE9R2vMMh4tFA&paipv=0&ext=1666317394&hash=AeQOV3oHfkE1tmdLNpY (0)
[10540:10540:1018/085635.560597:INFO:CONSOLE(0)] "Refused to load the image 'https://www.google.com.vn/pagead/1p-user-list/1032622309/?value=1.00&currency_code=USD&label=qRpeCLOw56cBEOWhsuwD&guid=ON&script=0&is_vtc=1&random=983027473&ipr=y' because it violates the following Content Security Policy directive: "img-src *.fbcdn.net *.facebook.com data: https://*.fbsbx.com *.tenor.co media.tenor.com facebook.com *.cdninstagram.com fbsbx.com fbcdn.net *.giphy.com connect.facebook.net *.carriersignal.info blob: android-webview-video-poster: googleads.g.doubleclick.net www.googleadservices.com *.whatsapp.net *.fb.com *.oculuscdn.com www.google.com".
", source: https://mbasic.facebook.com/sem_mpixel/?pixels%5B14%5D%5B0%5D=aishvar_PH_2_of_3&eav=AfZTC-qWvR_O2ImAANUGcvOrqB9lqGqu2SaJPmu94TS80zTUcVR3vZKE9R2vMMh4tFA&paipv=0&ext=1666317394&hash=AeQOV3oHfkE1tmdLNpY (0)
[10540:10540:1018/090140.618348:INFO:CONSOLE(0)] "[Report Only] Refused to load the image 'https://www.google.com.vn/pagead/1p-user-list/1032622309/?value=1.00&currency_code=USD&label=qRpeCLOw56cBEOWhsuwD&guid=ON&script=0&is_vtc=1&random=3994369029&ipr=y' because it violates the following Content Security Policy directive: "img-src *.fbcdn.net *.facebook.com data: https://*.fbsbx.com *.tenor.co media.tenor.com facebook.com *.cdninstagram.com fbsbx.com fbcdn.net *.giphy.com connect.facebook.net *.carriersignal.info blob: android-webview-video-poster: googleads.g.doubleclick.net www.googleadservices.com *.whatsapp.net *.fb.com *.oculuscdn.com www.google.com".
", source: https://mbasic.facebook.com/sem_mpixel/?pixels%5B14%5D%5B0%5D=aishvar_PH_2_of_3&eav=AfYDbNuGeAFsZkkoKZtuGUMcct1BmUqSHE_-zMz7tuwbuYgi_Us2KNL8-QjRzObrCcc&paipv=0&ext=1666317699&hash=AeTOIvKmhmOKqFBet2k (0)
[10540:10540:1018/090140.622128:INFO:CONSOLE(0)] "Refused to load the image 'https://www.google.com.vn/pagead/1p-user-list/1032622309/?value=1.00&currency_code=USD&label=qRpeCLOw56cBEOWhsuwD&guid=ON&script=0&is_vtc=1&random=3994369029&ipr=y' because it violates the following Content Security Policy directive: "img-src *.fbcdn.net *.facebook.com data: https://*.fbsbx.com *.tenor.co media.tenor.com facebook.com *.cdninstagram.com fbsbx.com fbcdn.net *.giphy.com connect.facebook.net *.carriersignal.info blob: android-webview-video-poster: googleads.g.doubleclick.net www.googleadservices.com *.whatsapp.net *.fb.com *.oculuscdn.com www.google.com".
", source: https://mbasic.facebook.com/sem_mpixel/?pixels%5B14%5D%5B0%5D=aishvar_PH_2_of_3&eav=AfYDbNuGeAFsZkkoKZtuGUMcct1BmUqSHE_-zMz7tuwbuYgi_Us2KNL8-QjRzObrCcc&paipv=0&ext=1666317699&hash=AeTOIvKmhmOKqFBet2k (0)
[10540:10540:1018/090140.623298:INFO:CONSOLE(0)] "[Report Only] Refused to load the image 'https://www.google.com.vn/pagead/1p-user-list/995153884/?value=1.00&currency_code=USD&label=Wu-ZCMSIzlwQ3K_D2gM&guid=ON&script=0&is_vtc=1&random=1345437783&ipr=y' because it violates the following Content Security Policy directive: "img-src *.fbcdn.net *.facebook.com data: https://*.fbsbx.com *.tenor.co media.tenor.com facebook.com *.cdninstagram.com fbsbx.com fbcdn.net *.giphy.com connect.facebook.net *.carriersignal.info blob: android-webview-video-poster: googleads.g.doubleclick.net www.googleadservices.com *.whatsapp.net *.fb.com *.oculuscdn.com www.google.com".
", source: https://mbasic.facebook.com/sem_mpixel/?pixels%5B1%5D%5B0%5D=control&eav=Afb4NFXN4R4ZZX2uzwfL08FRMLAMUVytiwPjXidmW3NAqyaqCV8aj9_Sw03esnLAO8o&paipv=0&ext=1666317699&hash=AeQGf2lVUYnGOAXdMtk (0)
[10540:10540:1018/090140.623743:INFO:CONSOLE(0)] "Refused to load the image 'https://www.google.com.vn/pagead/1p-user-list/995153884/?value=1.00&currency_code=USD&label=Wu-ZCMSIzlwQ3K_D2gM&guid=ON&script=0&is_vtc=1&random=1345437783&ipr=y' because it violates the following Content Security Policy directive: "img-src *.fbcdn.net *.facebook.com data: https://*.fbsbx.com *.tenor.co media.tenor.com facebook.com *.cdninstagram.com fbsbx.com fbcdn.net *.giphy.com connect.facebook.net *.carriersignal.info blob: android-webview-video-poster: googleads.g.doubleclick.net www.googleadservices.com *.whatsapp.net *.fb.com *.oculuscdn.com www.google.com".
", source: https://mbasic.facebook.com/sem_mpixel/?pixels%5B1%5D%5B0%5D=control&eav=Afb4NFXN4R4ZZX2uzwfL08FRMLAMUVytiwPjXidmW3NAqyaqCV8aj9_Sw03esnLAO8o&paipv=0&ext=1666317699&hash=AeQGf2lVUYnGOAXdMtk (0)
[10540:10540:1018/092143.499879:INFO:render_frame_host_impl.cc(11654)] RenderFrameHostImpl::MaybeGenerateCrashReport url = https://mbasic.facebook.com/groups/255979558231198/, status = 4, exit_code = 0
[10582:11336:1018/092144.051969:WARNING:sqlite_persistent_store_backend_base.cc(163)] Failed to post task from FlushAndNotifyInBackground@net/extras/sqlite/sqlite_persistent_store_backend_base.cc:211 to client_task_runner_.
[10540:10540:1018/092145.025518:WARNING:pref_notifier_impl.cc(41)] Pref observer for media_router.cast_allow_all_ips found at shutdown.
